<?xml version='1.0' encoding='UTF-8'?>
<testsuite hostname="GSAir.local" name="FizzBuzzTest" tests="5" errors="0" failures="0" skipped="0" time="0.015" timestamp="2022-07-26T09:38:48">
          <properties>
[...]
</properties>
          <testcase classname="FizzBuzzTest" name="lists the numbers up to one" time="0.014">
                      
                    </testcase><testcase classname="FizzBuzzTest" name="lists the numbers up to two" time="0.0">
                      
                    </testcase><testcase classname="FizzBuzzTest" name="replaces 3 with Fizz" time="0.0">
                      
                    </testcase><testcase classname="FizzBuzzTest" name="replaces 5 with Buzz" time="0.0">
                      
                    </testcase><testcase classname="FizzBuzzTest" name="replaces 15 with FizzBuzz" time="0.001">
                      
                    </testcase>
          <system-out><![CDATA[]]></system-out>
          <system-err><![CDATA[]]></system-err>
        </testsuite>